Windows PowerShell
Copyright (C) Microsoft Corporation. Todos los derechos reservados.

Instale la versión más reciente de PowerShell para obtener nuevas características y mejoras. https://aka.ms/PSWindows

PS C:\Users\cesvh>
PS C:\Users\cesvh>
PS C:\Users\cesvh>
PS C:\Users\cesvh>
PS C:\Users\cesvh> cd C:\Users\cesvh\dev\github\php\laravel\projects\web\
PS C:\Users\cesvh\dev\github\php\laravel\projects\web>
PS C:\Users\cesvh\dev\github\php\laravel\projects\web>
PS C:\Users\cesvh\dev\github\php\laravel\projects\web>
PS C:\Users\cesvh\dev\github\php\laravel\projects\web>
PS C:\Users\cesvh\dev\github\php\laravel\projects\web> ls


    Directorio: C:\Users\cesvh\dev\github\php\laravel\projects\web


Mode                 LastWriteTime         Length Name
----                 -------------         ------ ----
d-----     19/03/2024  12:36 a. m.                doc11x


PS C:\Users\cesvh\dev\github\php\laravel\projects\web>
PS C:\Users\cesvh\dev\github\php\laravel\projects\web>
PS C:\Users\cesvh\dev\github\php\laravel\projects\web>
PS C:\Users\cesvh\dev\github\php\laravel\projects\web>
PS C:\Users\cesvh\dev\github\php\laravel\projects\web> laravel new crudv0

   _                               _
  | |                             | |
  | |     __ _ _ __ __ ___   _____| |
  | |    / _` | '__/ _` \ \ / / _ \ |
  | |___| (_| | | | (_| |\ V /  __/ |
  |______\__,_|_|  \__,_| \_/ \___|_|


 Would you like to install a starter kit? [No starter kit]:
  [none     ] No starter kit
  [breeze   ] Laravel Breeze
  [jetstream] Laravel Jetstream
 > none


 Which testing framework do you prefer? [Pest]:
  [0] Pest
  [1] PHPUnit
 > 1


 Would you like to initialize a Git repository? (yes/no) [no]:
 > no

    Creating a "laravel/laravel" project at "./crudv0"
    Installing laravel/laravel (v11.0.7)
  - Downloading laravel/laravel (v11.0.7)
      - Installing laravel/laravel (v11.0.7): Extracting archive
    Created project in C:\Users\cesvh\dev\github\php\laravel\projects\web/crudv0
> @php -r "file_exists('.env') || copy('.env.example', '.env');"
    Loading composer repositories with package information
    Updating dependencies
Lock file operations: 111 installs, 0 updates, 0 removals
  - Locking brick/math (0.12.1)
  - Locking carbonphp/carbon-doctrine-types (3.2.0)
  - Locking dflydev/dot-access-data (v3.0.2)
  - Locking doctrine/inflector (2.0.10)
  - Locking doctrine/lexer (3.0.1)
  - Locking dragonmantank/cron-expression (v3.3.3)
  - Locking egulias/email-validator (4.0.2)
  - Locking fakerphp/faker (v1.23.1)
  - Locking filp/whoops (2.15.4)
  - Locking fruitcake/php-cors (v1.3.0)
  - Locking graham-campbell/result-type (v1.1.2)
  - Locking guzzlehttp/guzzle (7.8.1)
  - Locking guzzlehttp/promises (2.0.2)
  - Locking guzzlehttp/psr7 (2.6.2)
  - Locking guzzlehttp/uri-template (v1.0.3)
  - Locking hamcrest/hamcrest-php (v2.0.1)
  - Locking laravel/framework (v11.7.0)
  - Locking laravel/pint (v1.15.3)
  - Locking laravel/prompts (v0.1.21)
  - Locking laravel/sail (v1.29.1)
  - Locking laravel/serializable-closure (v1.3.3)
  - Locking laravel/tinker (v2.9.0)
  - Locking league/commonmark (2.4.2)
  - Locking league/config (v1.2.0)
  - Locking league/flysystem (3.27.0)
  - Locking league/flysystem-local (3.25.1)
  - Locking league/mime-type-detection (1.15.0)
  - Locking mockery/mockery (1.6.11)
  - Locking monolog/monolog (3.6.0)
  - Locking myclabs/deep-copy (1.11.1)
  - Locking nesbot/carbon (3.3.1)
  - Locking nette/schema (v1.3.0)
  - Locking nette/utils (v4.0.4)
  - Locking nikic/php-parser (v5.0.2)
  - Locking nunomaduro/collision (v8.1.1)
  - Locking nunomaduro/termwind (v2.0.1)
  - Locking phar-io/manifest (2.0.4)
  - Locking phar-io/version (3.2.1)
  - Locking phpoption/phpoption (1.9.2)
  - Locking phpunit/php-code-coverage (11.0.3)
  - Locking phpunit/php-file-iterator (5.0.0)
  - Locking phpunit/php-invoker (5.0.0)
  - Locking phpunit/php-text-template (4.0.0)
  - Locking phpunit/php-timer (7.0.0)
  - Locking phpunit/phpunit (11.1.3)
  - Locking psr/clock (1.0.0)
  - Locking psr/container (2.0.2)
  - Locking psr/event-dispatcher (1.0.0)
  - Locking psr/http-client (1.0.3)
  - Locking psr/http-factory (1.1.0)
  - Locking psr/http-message (2.0)
  - Locking psr/log (3.0.0)
  - Locking psr/simple-cache (3.0.0)
  - Locking psy/psysh (v0.12.3)
  - Locking ralouphie/getallheaders (3.0.3)
  - Locking ramsey/collection (2.0.0)
  - Locking ramsey/uuid (4.7.6)
  - Locking sebastian/cli-parser (3.0.1)
  - Locking sebastian/code-unit (3.0.0)
  - Locking sebastian/code-unit-reverse-lookup (4.0.0)
  - Locking sebastian/comparator (6.0.0)
  - Locking sebastian/complexity (4.0.0)
  - Locking sebastian/diff (6.0.1)
  - Locking sebastian/environment (7.1.0)
  - Locking sebastian/exporter (6.0.1)
  - Locking sebastian/global-state (7.0.1)
  - Locking sebastian/lines-of-code (3.0.0)
  - Locking sebastian/object-enumerator (6.0.0)
  - Locking sebastian/object-reflector (4.0.0)
  - Locking sebastian/recursion-context (6.0.0)
  - Locking sebastian/type (5.0.0)
  - Locking sebastian/version (5.0.0)
  - Locking spatie/backtrace (1.6.1)
  - Locking spatie/flare-client-php (1.5.1)
  - Locking spatie/ignition (1.14.1)
  - Locking spatie/laravel-ignition (2.7.0)
  - Locking symfony/clock (v7.0.7)
  - Locking symfony/console (v7.0.7)
  - Locking symfony/css-selector (v7.0.7)
  - Locking symfony/deprecation-contracts (v3.5.0)
  - Locking symfony/error-handler (v7.0.7)
  - Locking symfony/event-dispatcher (v7.0.7)
  - Locking symfony/event-dispatcher-contracts (v3.5.0)
  - Locking symfony/finder (v7.0.7)
  - Locking symfony/http-foundation (v7.0.7)
  - Locking symfony/http-kernel (v7.0.7)
  - Locking symfony/mailer (v7.0.7)
  - Locking symfony/mime (v7.0.7)
  - Locking symfony/polyfill-ctype (v1.29.0)
  - Locking symfony/polyfill-intl-grapheme (v1.29.0)
  - Locking symfony/polyfill-intl-idn (v1.29.0)
  - Locking symfony/polyfill-intl-normalizer (v1.29.0)
  - Locking symfony/polyfill-mbstring (v1.29.0)
  - Locking symfony/polyfill-php72 (v1.29.0)
  - Locking symfony/polyfill-php80 (v1.29.0)
  - Locking symfony/polyfill-php83 (v1.29.0)
  - Locking symfony/polyfill-uuid (v1.29.0)
  - Locking symfony/process (v7.0.7)
  - Locking symfony/routing (v7.0.7)
  - Locking symfony/service-contracts (v3.5.0)
  - Locking symfony/string (v7.0.7)
  - Locking symfony/translation (v7.0.7)
  - Locking symfony/translation-contracts (v3.5.0)
  - Locking symfony/uid (v7.0.7)
  - Locking symfony/var-dumper (v7.0.7)
  - Locking symfony/yaml (v7.0.7)
  - Locking theseer/tokenizer (1.2.3)
  - Locking tijsverkoyen/css-to-inline-styles (v2.2.7)
  - Locking vlucas/phpdotenv (v5.6.0)
  - Locking voku/portable-ascii (2.0.1)
  - Locking webmozart/assert (1.11.0)
Writing lock file
Installing dependencies from lock file (including require-dev)
Package operations: 111 installs, 0 updates, 0 removals
      - Downloading symfony/deprecation-contracts (v3.5.0)
      - Downloading psr/http-factory (1.1.0)
      - Downloading symfony/service-contracts (v3.5.0)
      - Downloading symfony/event-dispatcher-contracts (v3.5.0)
      - Downloading symfony/translation-contracts (v3.5.0)
  - Downloading nesbot/carbon (3.3.1)
      - Downloading laravel/framework (v11.7.0)
      - Downloading spatie/flare-client-php (1.5.1)
      - Downloading spatie/ignition (1.14.1)
  - Downloading spatie/laravel-ignition (2.7.0)
  0/10 [>---------------------------]   0%
  2/10 [=====>----------------------]  20%
  5/10 [==============>-------------]  50%
  6/10 [================>-----------]  60%
  7/10 [===================>--------]  70%
  8/10 [======================>-----]  80%
  9/10 [=========================>--]  90%
 10/10 [============================] 100%
  - Installing doctrine/inflector (2.0.10): Extracting archive
      - Installing doctrine/lexer (3.0.1): Extracting archive
  - Installing symfony/polyfill-ctype (v1.29.0): Extracting archive
  - Installing webmozart/assert (1.11.0): Extracting archive
  - Installing dragonmantank/cron-expression (v3.3.3): Extracting archive
  - Installing symfony/deprecation-contracts (v3.5.0): Extracting archive
  - Installing psr/container (2.0.2): Extracting archive
  - Installing fakerphp/faker (v1.23.1): Extracting archive
      - Installing symfony/polyfill-php80 (v1.29.0): Extracting archive
  - Installing symfony/polyfill-php83 (v1.29.0): Extracting archive
  - Installing symfony/polyfill-mbstring (v1.29.0): Extracting archive
  - Installing symfony/http-foundation (v7.0.7): Extracting archive
      - Installing fruitcake/php-cors (v1.3.0): Extracting archive
  - Installing psr/http-message (2.0): Extracting archive
      - Installing psr/http-client (1.0.3): Extracting archive
  - Installing ralouphie/getallheaders (3.0.3): Extracting archive
  - Installing psr/http-factory (1.1.0): Extracting archive
  - Installing guzzlehttp/psr7 (2.6.2): Extracting archive
      - Installing guzzlehttp/promises (2.0.2): Extracting archive
      - Installing guzzlehttp/guzzle (7.8.1): Extracting archive
      - Installing guzzlehttp/uri-template (v1.0.3): Extracting archive
  - Installing laravel/pint (v1.15.3): Extracting archive
  - Installing symfony/polyfill-intl-normalizer (v1.29.0): Extracting archive
  - Installing symfony/polyfill-intl-grapheme (v1.29.0): Extracting archive
  - Installing symfony/string (v7.0.7): Extracting archive
      - Installing symfony/service-contracts (v3.5.0): Extracting archive
  - Installing symfony/console (v7.0.7): Extracting archive
      - Installing voku/portable-ascii (2.0.1): Extracting archive
      - Installing phpoption/phpoption (1.9.2): Extracting archive
  - Installing graham-campbell/result-type (v1.1.2): Extracting archive
  - Installing vlucas/phpdotenv (v5.6.0): Extracting archive
      - Installing symfony/css-selector (v7.0.7): Extracting archive
      - Installing tijsverkoyen/css-to-inline-styles (v2.2.7): Extracting archive
  - Installing symfony/var-dumper (v7.0.7): Extracting archive
      - Installing symfony/polyfill-uuid (v1.29.0): Extracting archive
  - Installing symfony/uid (v7.0.7): Extracting archive
      - Installing symfony/routing (v7.0.7): Extracting archive
      - Installing symfony/process (v7.0.7): Extracting archive
      - Installing symfony/polyfill-php72 (v1.29.0): Extracting archive
  - Installing symfony/polyfill-intl-idn (v1.29.0): Extracting archive
      - Installing symfony/mime (v7.0.7): Extracting archive
      - Installing psr/event-dispatcher (1.0.0): Extracting archive
  - Installing symfony/event-dispatcher-contracts (v3.5.0): Extracting archive
  - Installing symfony/event-dispatcher (v7.0.7): Extracting archive
  - Installing psr/log (3.0.0): Extracting archive
      - Installing egulias/email-validator (4.0.2): Extracting archive
      - Installing symfony/mailer (v7.0.7): Extracting archive
      - Installing symfony/error-handler (v7.0.7): Extracting archive
      - Installing symfony/http-kernel (v7.0.7): Extracting archive
      - Installing symfony/finder (v7.0.7): Extracting archive
      - Installing ramsey/collection (2.0.0): Extracting archive
      - Installing brick/math (0.12.1): Extracting archive
  - Installing ramsey/uuid (4.7.6): Extracting archive
      - Installing psr/simple-cache (3.0.0): Extracting archive
  - Installing nunomaduro/termwind (v2.0.1): Extracting archive
      - Installing symfony/translation-contracts (v3.5.0): Extracting archive
  - Installing symfony/translation (v7.0.7): Extracting archive
      - Installing psr/clock (1.0.0): Extracting archive
  - Installing symfony/clock (v7.0.7): Extracting archive
  - Installing carbonphp/carbon-doctrine-types (3.2.0): Extracting archive
  - Installing nesbot/carbon (3.3.1): Extracting archive
      - Installing monolog/monolog (3.6.0): Extracting archive
      - Installing league/mime-type-detection (1.15.0): Extracting archive
  - Installing league/flysystem (3.27.0): Extracting archive
      - Installing league/flysystem-local (3.25.1): Extracting archive
  - Installing nette/utils (v4.0.4): Extracting archive
      - Installing nette/schema (v1.3.0): Extracting archive
  - Installing dflydev/dot-access-data (v3.0.2): Extracting archive
      - Installing league/config (v1.2.0): Extracting archive
  - Installing league/commonmark (2.4.2): Extracting archive
      - Installing laravel/serializable-closure (v1.3.3): Extracting archive
  - Installing laravel/prompts (v0.1.21): Extracting archive
      - Installing laravel/framework (v11.7.0): Extracting archive
      - Installing symfony/yaml (v7.0.7): Extracting archive
  - Installing laravel/sail (v1.29.1): Extracting archive
      - Installing nikic/php-parser (v5.0.2): Extracting archive
      - Installing psy/psysh (v0.12.3): Extracting archive
      - Installing laravel/tinker (v2.9.0): Extracting archive
      - Installing hamcrest/hamcrest-php (v2.0.1): Extracting archive
      - Installing mockery/mockery (1.6.11): Extracting archive
      - Installing filp/whoops (2.15.4): Extracting archive
      - Installing nunomaduro/collision (v8.1.1): Extracting archive
  - Installing sebastian/version (5.0.0): Extracting archive
      - Installing sebastian/type (5.0.0): Extracting archive
  - Installing sebastian/recursion-context (6.0.0): Extracting archive
      - Installing sebastian/object-reflector (4.0.0): Extracting archive
  - Installing sebastian/object-enumerator (6.0.0): Extracting archive
  - Installing sebastian/global-state (7.0.1): Extracting archive
      - Installing sebastian/exporter (6.0.1): Extracting archive
  - Installing sebastian/environment (7.1.0): Extracting archive
  - Installing sebastian/diff (6.0.1): Extracting archive
      - Installing sebastian/comparator (6.0.0): Extracting archive
  - Installing sebastian/code-unit (3.0.0): Extracting archive
      - Installing sebastian/cli-parser (3.0.1): Extracting archive
  - Installing phpunit/php-timer (7.0.0): Extracting archive
  - Installing phpunit/php-text-template (4.0.0): Extracting archive
      - Installing phpunit/php-invoker (5.0.0): Extracting archive
  - Installing phpunit/php-file-iterator (5.0.0): Extracting archive
  - Installing theseer/tokenizer (1.2.3): Extracting archive
  - Installing sebastian/lines-of-code (3.0.0): Extracting archive
      - Installing sebastian/complexity (4.0.0): Extracting archive
  - Installing sebastian/code-unit-reverse-lookup (4.0.0): Extracting archive
  - Installing phpunit/php-code-coverage (11.0.3): Extracting archive
      - Installing phar-io/version (3.2.1): Extracting archive
      - Installing phar-io/manifest (2.0.4): Extracting archive
      - Installing myclabs/deep-copy (1.11.1): Extracting archive
  - Installing phpunit/phpunit (11.1.3): Extracting archive
      - Installing spatie/backtrace (1.6.1): Extracting archive
      - Installing spatie/flare-client-php (1.5.1): Extracting archive
      - Installing spatie/ignition (1.14.1): Extracting archive
      - Installing spatie/laravel-ignition (2.7.0): Extracting archive
       0/101 [>---------------------------]   0%
  20/101 [=====>----------------------]  19%
  30/101 [========>-------------------]  29%
  40/101 [===========>----------------]  39%
  50/101 [=============>--------------]  49%
  60/101 [================>-----------]  59%
  70/101 [===================>--------]  69%
  80/101 [======================>-----]  79%
  90/101 [========================>---]  89%
 100/101 [===========================>]  99%
 101/101 [============================] 100%
    50 package suggestions were added by new dependencies, use `composer suggest` to see details.
Generating optimized autoload files
    > Illuminate\Foundation\ComposerScripts::postAutoloadDump
> @php artisan package:discover --ansi

   INFO  Discovering packages.

  laravel/sail ..............................................................................................................     DONE
  laravel/tinker ............................................................................................................ DONE
  nesbot/carbon ............................................................................................................. DONE
  nunomaduro/collision ...................................................................................................... DONE
  nunomaduro/termwind ....................................................................................................... DONE
  spatie/laravel-ignition ................................................................................................... DONE

    85 packages you are using are looking for funding.
Use the `composer fund` command to find out more!
    > @php artisan vendor:publish --tag=laravel-assets --ansi --force

   INFO  No publishable resources for tag [laravel-assets].

    No security vulnerability advisories found.
    > @php artisan key:generate --ansi

   INFO  Application key set successfully.

    > @php -r "file_exists('database/database.sqlite') || touch('database/database.sqlite');"
    > @php artisan migrate --graceful --ansi

   INFO  Preparing database.

  Creating migration table .......................................................................................... 19.63ms DONE

       INFO  Running migrations.

  0001_01_01_000000_create_users_table .............................................................................. 63.05ms DONE
  0001_01_01_000001_create_cache_table .............................................................................. 18.16ms DONE
  0001_01_01_000002_create_jobs_table ............................................................................... 48.82ms DONE


 Which database will your application use? [SQLite]:
  [mysql  ] MySQL
  [mariadb] MariaDB
  [pgsql  ] PostgreSQL
  [sqlite ] SQLite
  [sqlsrv ] SQL Server
 >

   INFO  Application ready in [crudv0]. You can start your local development using:

➜ cd crudv0
➜ php artisan serve

  New to Laravel? Check out our bootcamp and documentation. Build something amazing!

PS C:\Users\cesvh\dev\github\php\laravel\projects\web>
PS C:\Users\cesvh\dev\github\php\laravel\projects\web>
PS C:\Users\cesvh\dev\github\php\laravel\projects\web>
PS C:\Users\cesvh\dev\github\php\laravel\projects\web>
PS C:\Users\cesvh\dev\github\php\laravel\projects\web> cd .\crudv0\
PS C:\Users\cesvh\dev\github\php\laravel\projects\web\crudv0>
PS C:\Users\cesvh\dev\github\php\laravel\projects\web\crudv0>
PS C:\Users\cesvh\dev\github\php\laravel\projects\web\crudv0>
PS C:\Users\cesvh\dev\github\php\laravel\projects\web\crudv0> php artisan serve

   INFO  Server running on [http://127.0.0.1:8000].

  Press Ctrl+C to stop the server

  2024-05-11 00:16:33 ...................................................................................................... ~ -1s
  2024-05-11 00:16:34 /favicon.ico .......................................................................................... ~ 0s
